This file contains any messages produced by compilers while
running configure, to aid debugging if configure makes a mistake.

It was created by procps-ng configure 3.3.12, which was
generated by GNU Autoconf 2.69.  Invocation command line was

  $ ./configure 

## --------- ##
## Platform. ##
## --------- ##

hostname = debian9
uname -m = x86_64
uname -r = 4.9.0-4-amd64
uname -s = Linux
uname -v = #1 SMP Debian 4.9.51-1 (2017-09-28)

/usr/bin/uname -p = unknown
/bin/uname -X     = unknown

/bin/arch              = unknown
/usr/bin/arch -k       = unknown
/usr/convex/getsysinfo = unknown
/usr/bin/hostinfo      = unknown
/bin/machine           = unknown
/usr/bin/oslevel       = unknown
/bin/universe          = unknown

PATH: /usr/local/bin
PATH: /usr/bin
PATH: /bin
PATH: /usr/local/games
PATH: /usr/games


## ----------- ##
## Core tests. ##
## ----------- ##

configure:2573: checking for a BSD-compatible install
configure:2641: result: /usr/bin/install -c
configure:2652: checking whether build environment is sane
configure:2707: result: yes
configure:2858: checking for a thread-safe mkdir -p
configure:2897: result: /bin/mkdir -p
configure:2904: checking for gawk
configure:2920: found /usr/bin/gawk
configure:2931: result: gawk
configure:2942: checking whether make sets $(MAKE)
configure:2964: result: yes
configure:2993: checking whether make supports nested variables
configure:3010: result: yes
configure:3089: checking how to create a pax tar archive
configure:3100: tar --version
tar (GNU tar) 1.29
Copyright (C) 2015 Free Software Foundation, Inc.
License GPLv3+: GNU GPL version 3 or later <http://gnu.org/licenses/gpl.html>.
This is free software: you are free to change and redistribute it.
There is NO WARRANTY, to the extent permitted by law.

Written by John Gilmore and Jay Fenlason.
configure:3103: $? = 0
configure:3143: tardir=conftest.dir && eval tar --format=posix -chf - "$tardir" >conftest.tar
configure:3146: $? = 0
configure:3150: tar -xf - <conftest.tar
configure:3153: $? = 0
configure:3155: cat conftest.dir/file
GrepMe
configure:3158: $? = 0
configure:3171: result: gnutar
configure:3232: checking whether make supports nested variables
configure:3249: result: yes
configure:3277: checking for style of include used by make
configure:3305: result: GNU
configure:3376: checking for gcc
configure:3392: found /usr/bin/gcc
configure:3403: result: gcc
configure:3632: checking for C compiler version
configure:3641: gcc --version >&5
gcc (Debian 6.3.0-18) 6.3.0 20170516
Copyright (C) 2016 Free Software Foundation, Inc.
This is free software; see the source for copying conditions.  There is NO
warranty; not even for MERCHANTABILITY or FITNESS FOR A PARTICULAR PURPOSE.

configure:3652: $? = 0
configure:3641: gcc -v >&5
Using built-in specs.
COLLECT_GCC=gcc
COLLECT_LTO_WRAPPER=/usr/lib/gcc/x86_64-linux-gnu/6/lto-wrapper
Target: x86_64-linux-gnu
Configured with: ../src/configure -v --with-pkgversion='Debian 6.3.0-18' --with-bugurl=file:///usr/share/doc/gcc-6/README.Bugs --enable-languages=c,ada,c++,java,go,d,fortran,objc,obj-c++ --prefix=/usr --program-suffix=-6 --program-prefix=x86_64-linux-gnu- --enable-shared --enable-linker-build-id --libexecdir=/usr/lib --without-included-gettext --enable-threads=posix --libdir=/usr/lib --enable-nls --with-sysroot=/ --enable-clocale=gnu --enable-libstdcxx-debug --enable-libstdcxx-time=yes --with-default-libstdcxx-abi=new --enable-gnu-unique-object --disable-vtable-verify --enable-libmpx --enable-plugin --enable-default-pie --with-system-zlib --disable-browser-plugin --enable-java-awt=gtk --enable-gtk-cairo --with-java-home=/usr/lib/jvm/java-1.5.0-gcj-6-amd64/jre --enable-java-home --with-jvm-root-dir=/usr/lib/jvm/java-1.5.0-gcj-6-amd64 --with-jvm-jar-dir=/usr/lib/jvm-exports/java-1.5.0-gcj-6-amd64 --with-arch-directory=amd64 --with-ecj-jar=/usr/share/java/eclipse-ecj.jar --with-target-system-zlib --enable-objc-gc=auto --enable-multiarch --with-arch-32=i686 --with-abi=m64 --with-multilib-list=m32,m64,mx32 --enable-multilib --with-tune=generic --enable-checking=release --build=x86_64-linux-gnu --host=x86_64-linux-gnu --target=x86_64-linux-gnu
Thread model: posix
gcc version 6.3.0 20170516 (Debian 6.3.0-18) 
configure:3652: $? = 0
configure:3641: gcc -V >&5
gcc: error: unrecognized command line option '-V'
gcc: fatal error: no input files
compilation terminated.
configure:3652: $? = 1
configure:3641: gcc -qversion >&5
gcc: error: unrecognized command line option '-qversion'; did you mean '--version'?
gcc: fatal error: no input files
compilation terminated.
configure:3652: $? = 1
configure:3672: checking whether the C compiler works
configure:3694: gcc    conftest.c  >&5
configure:3698: $? = 0
configure:3746: result: yes
configure:3749: checking for C compiler default output file name
configure:3751: result: a.out
configure:3757: checking for suffix of executables
configure:3764: gcc -o conftest    conftest.c  >&5
configure:3768: $? = 0
configure:3790: result: 
configure:3812: checking whether we are cross compiling
configure:3820: gcc -o conftest    conftest.c  >&5
configure:3824: $? = 0
configure:3831: ./conftest
configure:3835: $? = 0
configure:3850: result: no
configure:3855: checking for suffix of object files
configure:3877: gcc -c   conftest.c >&5
configure:3881: $? = 0
configure:3902: result: o
configure:3906: checking whether we are using the GNU C compiler
configure:3925: gcc -c   conftest.c >&5
configure:3925: $? = 0
configure:3934: result: yes
configure:3943: checking whether gcc accepts -g
configure:3963: gcc -c -g  conftest.c >&5
configure:3963: $? = 0
configure:4004: result: yes
configure:4021: checking for gcc option to accept ISO C89
configure:4084: gcc  -c -g -O2  conftest.c >&5
configure:4084: $? = 0
configure:4097: result: none needed
configure:4122: checking whether gcc understands -c and -o together
configure:4144: gcc -c conftest.c -o conftest2.o
configure:4147: $? = 0
configure:4144: gcc -c conftest.c -o conftest2.o
configure:4147: $? = 0
configure:4159: result: yes
configure:4178: checking dependency style of gcc
configure:4289: result: gcc3
configure:4310: checking how to run the C preprocessor
configure:4341: gcc -E  conftest.c
configure:4341: $? = 0
configure:4355: gcc -E  conftest.c
conftest.c:11:28: fatal error: ac_nonexistent.h: No such file or directory
 #include <ac_nonexistent.h>
                            ^
compilation terminated.
configure:4355: $? = 1
configure: failed program was:
| /* confdefs.h */
| #define PACKAGE_NAME "procps-ng"
| #define PACKAGE_TARNAME "procps-ng"
| #define PACKAGE_VERSION "3.3.12"
| #define PACKAGE_STRING "procps-ng 3.3.12"
| #define PACKAGE_BUGREPORT "procps@freelists.org"
| #define PACKAGE_URL "https://gitlab.com/procps-ng/procps"
| #define PACKAGE "procps-ng"
| #define VERSION "3.3.12"
| /* end confdefs.h.  */
| #include <ac_nonexistent.h>
configure:4380: result: gcc -E
configure:4400: gcc -E  conftest.c
configure:4400: $? = 0
configure:4414: gcc -E  conftest.c
conftest.c:11:28: fatal error: ac_nonexistent.h: No such file or directory
 #include <ac_nonexistent.h>
                            ^
compilation terminated.
configure:4414: $? = 1
configure: failed program was:
| /* confdefs.h */
| #define PACKAGE_NAME "procps-ng"
| #define PACKAGE_TARNAME "procps-ng"
| #define PACKAGE_VERSION "3.3.12"
| #define PACKAGE_STRING "procps-ng 3.3.12"
| #define PACKAGE_BUGREPORT "procps@freelists.org"
| #define PACKAGE_URL "https://gitlab.com/procps-ng/procps"
| #define PACKAGE "procps-ng"
| #define VERSION "3.3.12"
| /* end confdefs.h.  */
| #include <ac_nonexistent.h>
configure:4443: checking for grep that handles long lines and -e
configure:4501: result: /bin/grep
configure:4506: checking for egrep
configure:4568: result: /bin/grep -E
configure:4573: checking for ANSI C header files
configure:4593: gcc -c -g -O2  conftest.c >&5
configure:4593: $? = 0
configure:4666: gcc -o conftest -g -O2   conftest.c  >&5
configure:4666: $? = 0
configure:4666: ./conftest
configure:4666: $? = 0
configure:4677: result: yes
configure:4690: checking for sys/types.h
configure:4690: gcc -c -g -O2  conftest.c >&5
configure:4690: $? = 0
configure:4690: result: yes
configure:4690: checking for sys/stat.h
configure:4690: gcc -c -g -O2  conftest.c >&5
configure:4690: $? = 0
configure:4690: result: yes
configure:4690: checking for stdlib.h
configure:4690: gcc -c -g -O2  conftest.c >&5
configure:4690: $? = 0
configure:4690: result: yes
configure:4690: checking for string.h
configure:4690: gcc -c -g -O2  conftest.c >&5
configure:4690: $? = 0
configure:4690: result: yes
configure:4690: checking for memory.h
configure:4690: gcc -c -g -O2  conftest.c >&5
configure:4690: $? = 0
configure:4690: result: yes
configure:4690: checking for strings.h
configure:4690: gcc -c -g -O2  conftest.c >&5
configure:4690: $? = 0
configure:4690: result: yes
configure:4690: checking for inttypes.h
configure:4690: gcc -c -g -O2  conftest.c >&5
configure:4690: $? = 0
configure:4690: result: yes
configure:4690: checking for stdint.h
configure:4690: gcc -c -g -O2  conftest.c >&5
configure:4690: $? = 0
configure:4690: result: yes
configure:4690: checking for unistd.h
configure:4690: gcc -c -g -O2  conftest.c >&5
configure:4690: $? = 0
configure:4690: result: yes
configure:4703: checking minix/config.h usability
configure:4703: gcc -c -g -O2  conftest.c >&5
conftest.c:54:26: fatal error: minix/config.h: No such file or directory
 #include <minix/config.h>
                          ^
compilation terminated.
configure:4703: $? = 1
configure: failed program was:
| /* confdefs.h */
| #define PACKAGE_NAME "procps-ng"
| #define PACKAGE_TARNAME "procps-ng"
| #define PACKAGE_VERSION "3.3.12"
| #define PACKAGE_STRING "procps-ng 3.3.12"
| #define PACKAGE_BUGREPORT "procps@freelists.org"
| #define PACKAGE_URL "https://gitlab.com/procps-ng/procps"
| #define PACKAGE "procps-ng"
| #define VERSION "3.3.12"
| #define STDC_HEADERS 1
| #define HAVE_SYS_TYPES_H 1
| #define HAVE_SYS_STAT_H 1
| #define HAVE_STDLIB_H 1
| #define HAVE_STRING_H 1
| #define HAVE_MEMORY_H 1
| #define HAVE_STRINGS_H 1
| #define HAVE_INTTYPES_H 1
| #define HAVE_STDINT_H 1
| #define HAVE_UNISTD_H 1
| /* end confdefs.h.  */
| #include <stdio.h>
| #ifdef HAVE_SYS_TYPES_H
| # include <sys/types.h>
| #endif
| #ifdef HAVE_SYS_STAT_H
| # include <sys/stat.h>
| #endif
| #ifdef STDC_HEADERS
| # include <stdlib.h>
| # include <stddef.h>
| #else
| # ifdef HAVE_STDLIB_H
| #  include <stdlib.h>
| # endif
| #endif
| #ifdef HAVE_STRING_H
| # if !defined STDC_HEADERS && defined HAVE_MEMORY_H
| #  include <memory.h>
| # endif
| # include <string.h>
| #endif
| #ifdef HAVE_STRINGS_H
| # include <strings.h>
| #endif
| #ifdef HAVE_INTTYPES_H
| # include <inttypes.h>
| #endif
| #ifdef HAVE_STDINT_H
| # include <stdint.h>
| #endif
| #ifdef HAVE_UNISTD_H
| # include <unistd.h>
| #endif
| #include <minix/config.h>
configure:4703: result: no
configure:4703: checking minix/config.h presence
configure:4703: gcc -E  conftest.c
conftest.c:21:26: fatal error: minix/config.h: No such file or directory
 #include <minix/config.h>
                          ^
compilation terminated.
configure:4703: $? = 1
configure: failed program was:
| /* confdefs.h */
| #define PACKAGE_NAME "procps-ng"
| #define PACKAGE_TARNAME "procps-ng"
| #define PACKAGE_VERSION "3.3.12"
| #define PACKAGE_STRING "procps-ng 3.3.12"
| #define PACKAGE_BUGREPORT "procps@freelists.org"
| #define PACKAGE_URL "https://gitlab.com/procps-ng/procps"
| #define PACKAGE "procps-ng"
| #define VERSION "3.3.12"
| #define STDC_HEADERS 1
| #define HAVE_SYS_TYPES_H 1
| #define HAVE_SYS_STAT_H 1
| #define HAVE_STDLIB_H 1
| #define HAVE_STRING_H 1
| #define HAVE_MEMORY_H 1
| #define HAVE_STRINGS_H 1
| #define HAVE_INTTYPES_H 1
| #define HAVE_STDINT_H 1
| #define HAVE_UNISTD_H 1
| /* end confdefs.h.  */
| #include <minix/config.h>
configure:4703: result: no
configure:4703: checking for minix/config.h
configure:4703: result: no
configure:4724: checking whether it is safe to define __EXTENSIONS__
configure:4742: gcc -c -g -O2  conftest.c >&5
configure:4742: $? = 0
configure:4749: result: yes
configure:4770: checking for special C compiler options needed for large files
configure:4815: result: no
configure:4821: checking for _FILE_OFFSET_BITS value needed for large files
configure:4846: gcc -c -g -O2  conftest.c >&5
configure:4846: $? = 0
configure:4878: result: no
configure:4967: checking for gawk
configure:4994: result: gawk
configure:5053: checking for gcc
configure:5080: result: gcc
configure:5309: checking for C compiler version
configure:5318: gcc --version >&5
gcc (Debian 6.3.0-18) 6.3.0 20170516
Copyright (C) 2016 Free Software Foundation, Inc.
This is free software; see the source for copying conditions.  There is NO
warranty; not even for MERCHANTABILITY or FITNESS FOR A PARTICULAR PURPOSE.

configure:5329: $? = 0
configure:5318: gcc -v >&5
Using built-in specs.
COLLECT_GCC=gcc
COLLECT_LTO_WRAPPER=/usr/lib/gcc/x86_64-linux-gnu/6/lto-wrapper
Target: x86_64-linux-gnu
Configured with: ../src/configure -v --with-pkgversion='Debian 6.3.0-18' --with-bugurl=file:///usr/share/doc/gcc-6/README.Bugs --enable-languages=c,ada,c++,java,go,d,fortran,objc,obj-c++ --prefix=/usr --program-suffix=-6 --program-prefix=x86_64-linux-gnu- --enable-shared --enable-linker-build-id --libexecdir=/usr/lib --without-included-gettext --enable-threads=posix --libdir=/usr/lib --enable-nls --with-sysroot=/ --enable-clocale=gnu --enable-libstdcxx-debug --enable-libstdcxx-time=yes --with-default-libstdcxx-abi=new --enable-gnu-unique-object --disable-vtable-verify --enable-libmpx --enable-plugin --enable-default-pie --with-system-zlib --disable-browser-plugin --enable-java-awt=gtk --enable-gtk-cairo --with-java-home=/usr/lib/jvm/java-1.5.0-gcj-6-amd64/jre --enable-java-home --with-jvm-root-dir=/usr/lib/jvm/java-1.5.0-gcj-6-amd64 --with-jvm-jar-dir=/usr/lib/jvm-exports/java-1.5.0-gcj-6-amd64 --with-arch-directory=amd64 --with-ecj-jar=/usr/share/java/eclipse-ecj.jar --with-target-system-zlib --enable-objc-gc=auto --enable-multiarch --with-arch-32=i686 --with-abi=m64 --with-multilib-list=m32,m64,mx32 --enable-multilib --with-tune=generic --enable-checking=release --build=x86_64-linux-gnu --host=x86_64-linux-gnu --target=x86_64-linux-gnu
Thread model: posix
gcc version 6.3.0 20170516 (Debian 6.3.0-18) 
configure:5329: $? = 0
configure:5318: gcc -V >&5
gcc: error: unrecognized command line option '-V'
gcc: fatal error: no input files
compilation terminated.
configure:5329: $? = 1
configure:5318: gcc -qversion >&5
gcc: error: unrecognized command line option '-qversion'; did you mean '--version'?
gcc: fatal error: no input files
compilation terminated.
configure:5329: $? = 1
configure:5333: checking whether we are using the GNU C compiler
configure:5361: result: yes
configure:5370: checking whether gcc accepts -g
configure:5431: result: yes
configure:5448: checking for gcc option to accept ISO C89
configure:5524: result: none needed
configure:5549: checking whether gcc understands -c and -o together
configure:5586: result: yes
configure:5605: checking dependency style of gcc
configure:5716: result: gcc3
configure:5735: checking for gcc option to accept ISO C99
configure:5884: gcc  -c -g -O2  conftest.c >&5
configure:5884: $? = 0
configure:5897: result: none needed
configure:6005: checking for gcc option to accept ISO Standard C
configure:6016: result: none needed
configure:6049: gcc -std=gnu99 -o conftest -g -O2   conftest.c  >&5
configure:6049: $? = 0
configure:6049: ./conftest
configure:6049: $? = 0
configure:6069: checking how to run the C preprocessor
configure:6139: result: gcc -E
configure:6159: gcc -E  conftest.c
configure:6159: $? = 0
configure:6173: gcc -E  conftest.c
conftest.c:26:28: fatal error: ac_nonexistent.h: No such file or directory
 #include <ac_nonexistent.h>
                            ^
compilation terminated.
configure:6173: $? = 1
configure: failed program was:
| /* confdefs.h */
| #define PACKAGE_NAME "procps-ng"
| #define PACKAGE_TARNAME "procps-ng"
| #define PACKAGE_VERSION "3.3.12"
| #define PACKAGE_STRING "procps-ng 3.3.12"
| #define PACKAGE_BUGREPORT "procps@freelists.org"
| #define PACKAGE_URL "https://gitlab.com/procps-ng/procps"
| #define PACKAGE "procps-ng"
| #define VERSION "3.3.12"
| #define STDC_HEADERS 1
| #define HAVE_SYS_TYPES_H 1
| #define HAVE_SYS_STAT_H 1
| #define HAVE_STDLIB_H 1
| #define HAVE_STRING_H 1
| #define HAVE_MEMORY_H 1
| #define HAVE_STRINGS_H 1
| #define HAVE_INTTYPES_H 1
| #define HAVE_STDINT_H 1
| #define HAVE_UNISTD_H 1
| #define __EXTENSIONS__ 1
| #define _ALL_SOURCE 1
| #define _GNU_SOURCE 1
| #define _POSIX_PTHREAD_SEMANTICS 1
| #define _TANDEM_SOURCE 1
| /* end confdefs.h.  */
| #include <ac_nonexistent.h>
configure:6202: checking whether ln -s works
configure:6206: result: yes
configure:6267: checking for pkg-config
configure:6300: result: no
configure:6333: checking whether make sets $(MAKE)
configure:6355: result: yes
configure:6366: checking whether sys/types.h defines makedev
configure:6382: gcc -std=gnu99 -o conftest -g -O2   conftest.c  >&5
configure:6382: $? = 0
configure:6391: result: yes
configure:6419: checking arpa/inet.h usability
configure:6419: gcc -std=gnu99 -c -g -O2  conftest.c >&5
configure:6419: $? = 0
configure:6419: result: yes
configure:6419: checking arpa/inet.h presence
configure:6419: gcc -E  conftest.c
configure:6419: $? = 0
configure:6419: result: yes
configure:6419: checking for arpa/inet.h
configure:6419: result: yes
configure:6419: checking fcntl.h usability
configure:6419: gcc -std=gnu99 -c -g -O2  conftest.c >&5
configure:6419: $? = 0
configure:6419: result: yes
configure:6419: checking fcntl.h presence
configure:6419: gcc -E  conftest.c
configure:6419: $? = 0
configure:6419: result: yes
configure:6419: checking for fcntl.h
configure:6419: result: yes
configure:6419: checking float.h usability
configure:6419: gcc -std=gnu99 -c -g -O2  conftest.c >&5
configure:6419: $? = 0
configure:6419: result: yes
configure:6419: checking float.h presence
configure:6419: gcc -E  conftest.c
configure:6419: $? = 0
configure:6419: result: yes
configure:6419: checking for float.h
configure:6419: result: yes
configure:6419: checking langinfo.h usability
configure:6419: gcc -std=gnu99 -c -g -O2  conftest.c >&5
configure:6419: $? = 0
configure:6419: result: yes
configure:6419: checking langinfo.h presence
configure:6419: gcc -E  conftest.c
configure:6419: $? = 0
configure:6419: result: yes
configure:6419: checking for langinfo.h
configure:6419: result: yes
configure:6419: checking libintl.h usability
configure:6419: gcc -std=gnu99 -c -g -O2  conftest.c >&5
configure:6419: $? = 0
configure:6419: result: yes
configure:6419: checking libintl.h presence
configure:6419: gcc -E  conftest.c
configure:6419: $? = 0
configure:6419: result: yes
configure:6419: checking for libintl.h
configure:6419: result: yes
configure:6419: checking limits.h usability
configure:6419: gcc -std=gnu99 -c -g -O2  conftest.c >&5
configure:6419: $? = 0
configure:6419: result: yes
configure:6419: checking limits.h presence
configure:6419: gcc -E  conftest.c
configure:6419: $? = 0
configure:6419: result: yes
configure:6419: checking for limits.h
configure:6419: result: yes
configure:6419: checking locale.h usability
configure:6419: gcc -std=gnu99 -c -g -O2  conftest.c >&5
configure:6419: $? = 0
configure:6419: result: yes
configure:6419: checking locale.h presence
configure:6419: gcc -E  conftest.c
configure:6419: $? = 0
configure:6419: result: yes
configure:6419: checking for locale.h
configure:6419: result: yes
configure:6419: checking netinet/in.h usability
configure:6419: gcc -std=gnu99 -c -g -O2  conftest.c >&5
configure:6419: $? = 0
configure:6419: result: yes
configure:6419: checking netinet/in.h presence
configure:6419: gcc -E  conftest.c
configure:6419: $? = 0
configure:6419: result: yes
configure:6419: checking for netinet/in.h
configure:6419: result: yes
configure:6419: checking for stdint.h
configure:6419: result: yes
configure:6419: checking stdio_ext.h usability
configure:6419: gcc -std=gnu99 -c -g -O2  conftest.c >&5
configure:6419: $? = 0
configure:6419: result: yes
configure:6419: checking stdio_ext.h presence
configure:6419: gcc -E  conftest.c
configure:6419: $? = 0
configure:6419: result: yes
configure:6419: checking for stdio_ext.h
configure:6419: result: yes
configure:6419: checking for stdlib.h
configure:6419: result: yes
configure:6419: checking for string.h
configure:6419: result: yes
configure:6419: checking sys/file.h usability
configure:6419: gcc -std=gnu99 -c -g -O2  conftest.c >&5
configure:6419: $? = 0
configure:6419: result: yes
configure:6419: checking sys/file.h presence
configure:6419: gcc -E  conftest.c
configure:6419: $? = 0
configure:6419: result: yes
configure:6419: checking for sys/file.h
configure:6419: result: yes
configure:6419: checking sys/ioctl.h usability
configure:6419: gcc -std=gnu99 -c -g -O2  conftest.c >&5
configure:6419: $? = 0
configure:6419: result: yes
configure:6419: checking sys/ioctl.h presence
configure:6419: gcc -E  conftest.c
configure:6419: $? = 0
configure:6419: result: yes
configure:6419: checking for sys/ioctl.h
configure:6419: result: yes
configure:6419: checking sys/param.h usability
configure:6419: gcc -std=gnu99 -c -g -O2  conftest.c >&5
configure:6419: $? = 0
configure:6419: result: yes
configure:6419: checking sys/param.h presence
configure:6419: gcc -E  conftest.c
configure:6419: $? = 0
configure:6419: result: yes
configure:6419: checking for sys/param.h
configure:6419: result: yes
configure:6419: checking sys/time.h usability
configure:6419: gcc -std=gnu99 -c -g -O2  conftest.c >&5
configure:6419: $? = 0
configure:6419: result: yes
configure:6419: checking sys/time.h presence
configure:6419: gcc -E  conftest.c
configure:6419: $? = 0
configure:6419: result: yes
configure:6419: checking for sys/time.h
configure:6419: result: yes
configure:6419: checking termios.h usability
configure:6419: gcc -std=gnu99 -c -g -O2  conftest.c >&5
configure:6419: $? = 0
configure:6419: result: yes
configure:6419: checking termios.h presence
configure:6419: gcc -E  conftest.c
configure:6419: $? = 0
configure:6419: result: yes
configure:6419: checking for termios.h
configure:6419: result: yes
configure:6419: checking for unistd.h
configure:6419: result: yes
configure:6419: checking utmp.h usability
configure:6419: gcc -std=gnu99 -c -g -O2  conftest.c >&5
configure:6419: $? = 0
configure:6419: result: yes
configure:6419: checking utmp.h presence
configure:6419: gcc -E  conftest.c
configure:6419: $? = 0
configure:6419: result: yes
configure:6419: checking for utmp.h
configure:6419: result: yes
configure:6419: checking values.h usability
configure:6419: gcc -std=gnu99 -c -g -O2  conftest.c >&5
configure:6419: $? = 0
configure:6419: result: yes
configure:6419: checking values.h presence
configure:6419: gcc -E  conftest.c
configure:6419: $? = 0
configure:6419: result: yes
configure:6419: checking for values.h
configure:6419: result: yes
configure:6419: checking wchar.h usability
configure:6419: gcc -std=gnu99 -c -g -O2  conftest.c >&5
configure:6419: $? = 0
configure:6419: result: yes
configure:6419: checking wchar.h presence
configure:6419: gcc -E  conftest.c
configure:6419: $? = 0
configure:6419: result: yes
configure:6419: checking for wchar.h
configure:6419: result: yes
configure:6419: checking wctype.h usability
configure:6419: gcc -std=gnu99 -c -g -O2  conftest.c >&5
configure:6419: $? = 0
configure:6419: result: yes
configure:6419: checking wctype.h presence
configure:6419: gcc -E  conftest.c
configure:6419: $? = 0
configure:6419: result: yes
configure:6419: checking for wctype.h
configure:6419: result: yes
configure:6431: checking for stdbool.h that conforms to C99
configure:6498: gcc -std=gnu99 -c -g -O2  conftest.c >&5
configure:6498: $? = 0
configure:6505: result: yes
configure:6507: checking for _Bool
configure:6507: gcc -std=gnu99 -c -g -O2  conftest.c >&5
configure:6507: $? = 0
configure:6507: gcc -std=gnu99 -c -g -O2  conftest.c >&5
conftest.c: In function 'main':
conftest.c:84:20: error: expected expression before ')' token
 if (sizeof ((_Bool)))
                    ^
configure:6507: $? = 1
configure: failed program was:
| /* confdefs.h */
| #define PACKAGE_NAME "procps-ng"
| #define PACKAGE_TARNAME "procps-ng"
| #define PACKAGE_VERSION "3.3.12"
| #define PACKAGE_STRING "procps-ng 3.3.12"
| #define PACKAGE_BUGREPORT "procps@freelists.org"
| #define PACKAGE_URL "https://gitlab.com/procps-ng/procps"
| #define PACKAGE "procps-ng"
| #define VERSION "3.3.12"
| #define STDC_HEADERS 1
| #define HAVE_SYS_TYPES_H 1
| #define HAVE_SYS_STAT_H 1
| #define HAVE_STDLIB_H 1
| #define HAVE_STRING_H 1
| #define HAVE_MEMORY_H 1
| #define HAVE_STRINGS_H 1
| #define HAVE_INTTYPES_H 1
| #define HAVE_STDINT_H 1
| #define HAVE_UNISTD_H 1
| #define __EXTENSIONS__ 1
| #define _ALL_SOURCE 1
| #define _GNU_SOURCE 1
| #define _POSIX_PTHREAD_SEMANTICS 1
| #define _TANDEM_SOURCE 1
| #define HAVE_ARPA_INET_H 1
| #define HAVE_FCNTL_H 1
| #define HAVE_FLOAT_H 1
| #define HAVE_LANGINFO_H 1
| #define HAVE_LIBINTL_H 1
| #define HAVE_LIMITS_H 1
| #define HAVE_LOCALE_H 1
| #define HAVE_NETINET_IN_H 1
| #define HAVE_STDINT_H 1
| #define HAVE_STDIO_EXT_H 1
| #define HAVE_STDLIB_H 1
| #define HAVE_STRING_H 1
| #define HAVE_SYS_FILE_H 1
| #define HAVE_SYS_IOCTL_H 1
| #define HAVE_SYS_PARAM_H 1
| #define HAVE_SYS_TIME_H 1
| #define HAVE_TERMIOS_H 1
| #define HAVE_UNISTD_H 1
| #define HAVE_UTMP_H 1
| #define HAVE_VALUES_H 1
| #define HAVE_WCHAR_H 1
| #define HAVE_WCTYPE_H 1
| /* end confdefs.h.  */
| #include <stdio.h>
| #ifdef HAVE_SYS_TYPES_H
| # include <sys/types.h>
| #endif
| #ifdef HAVE_SYS_STAT_H
| # include <sys/stat.h>
| #endif
| #ifdef STDC_HEADERS
| # include <stdlib.h>
| # include <stddef.h>
| #else
| # ifdef HAVE_STDLIB_H
| #  include <stdlib.h>
| # endif
| #endif
| #ifdef HAVE_STRING_H
| # if !defined STDC_HEADERS && defined HAVE_MEMORY_H
| #  include <memory.h>
| # endif
| # include <string.h>
| #endif
| #ifdef HAVE_STRINGS_H
| # include <strings.h>
| #endif
| #ifdef HAVE_INTTYPES_H
| # include <inttypes.h>
| #endif
| #ifdef HAVE_STDINT_H
| # include <stdint.h>
| #endif
| #ifdef HAVE_UNISTD_H
| # include <unistd.h>
| #endif
| int
| main ()
| {
| if (sizeof ((_Bool)))
| 	    return 0;
|   ;
|   return 0;
| }
configure:6507: result: yes
configure:6518: checking for uid_t in sys/types.h
configure:6537: result: yes
configure:6548: checking for inline
configure:6564: gcc -std=gnu99 -c -g -O2  conftest.c >&5
configure:6564: $? = 0
configure:6572: result: inline
configure:6590: checking for int32_t
configure:6590: gcc -std=gnu99 -c -g -O2  conftest.c >&5
configure:6590: $? = 0
configure:6590: gcc -std=gnu99 -c -g -O2  conftest.c >&5
conftest.c: In function 'main':
conftest.c:87:53: warning: integer overflow in expression [-Woverflow]
    < (int32_t) (((((int32_t) 1 << N) << N) - 1) * 2 + 2))];
                                                     ^
conftest.c:86:12: error: storage size of 'test_array' isn't constant
 static int test_array [1 - 2 * !((int32_t) (((((int32_t) 1 << N) << N) - 1) * 2 + 1)
            ^~~~~~~~~~
configure:6590: $? = 1
configure: failed program was:
| /* confdefs.h */
| #define PACKAGE_NAME "procps-ng"
| #define PACKAGE_TARNAME "procps-ng"
| #define PACKAGE_VERSION "3.3.12"
| #define PACKAGE_STRING "procps-ng 3.3.12"
| #define PACKAGE_BUGREPORT "procps@freelists.org"
| #define PACKAGE_URL "https://gitlab.com/procps-ng/procps"
| #define PACKAGE "procps-ng"
| #define VERSION "3.3.12"
| #define STDC_HEADERS 1
| #define HAVE_SYS_TYPES_H 1
| #define HAVE_SYS_STAT_H 1
| #define HAVE_STDLIB_H 1
| #define HAVE_STRING_H 1
| #define HAVE_MEMORY_H 1
| #define HAVE_STRINGS_H 1
| #define HAVE_INTTYPES_H 1
| #define HAVE_STDINT_H 1
| #define HAVE_UNISTD_H 1
| #define __EXTENSIONS__ 1
| #define _ALL_SOURCE 1
| #define _GNU_SOURCE 1
| #define _POSIX_PTHREAD_SEMANTICS 1
| #define _TANDEM_SOURCE 1
| #define HAVE_ARPA_INET_H 1
| #define HAVE_FCNTL_H 1
| #define HAVE_FLOAT_H 1
| #define HAVE_LANGINFO_H 1
| #define HAVE_LIBINTL_H 1
| #define HAVE_LIMITS_H 1
| #define HAVE_LOCALE_H 1
| #define HAVE_NETINET_IN_H 1
| #define HAVE_STDINT_H 1
| #define HAVE_STDIO_EXT_H 1
| #define HAVE_STDLIB_H 1
| #define HAVE_STRING_H 1
| #define HAVE_SYS_FILE_H 1
| #define HAVE_SYS_IOCTL_H 1
| #define HAVE_SYS_PARAM_H 1
| #define HAVE_SYS_TIME_H 1
| #define HAVE_TERMIOS_H 1
| #define HAVE_UNISTD_H 1
| #define HAVE_UTMP_H 1
| #define HAVE_VALUES_H 1
| #define HAVE_WCHAR_H 1
| #define HAVE_WCTYPE_H 1
| #define HAVE__BOOL 1
| /* end confdefs.h.  */
| #include <stdio.h>
| #ifdef HAVE_SYS_TYPES_H
| # include <sys/types.h>
| #endif
| #ifdef HAVE_SYS_STAT_H
| # include <sys/stat.h>
| #endif
| #ifdef STDC_HEADERS
| # include <stdlib.h>
| # include <stddef.h>
| #else
| # ifdef HAVE_STDLIB_H
| #  include <stdlib.h>
| # endif
| #endif
| #ifdef HAVE_STRING_H
| # if !defined STDC_HEADERS && defined HAVE_MEMORY_H
| #  include <memory.h>
| # endif
| # include <string.h>
| #endif
| #ifdef HAVE_STRINGS_H
| # include <strings.h>
| #endif
| #ifdef HAVE_INTTYPES_H
| # include <inttypes.h>
| #endif
| #ifdef HAVE_STDINT_H
| # include <stdint.h>
| #endif
| #ifdef HAVE_UNISTD_H
| # include <unistd.h>
| #endif
| 	        enum { N = 32 / 2 - 1 };
| int
| main ()
| {
| static int test_array [1 - 2 * !((int32_t) (((((int32_t) 1 << N) << N) - 1) * 2 + 1)
| 		 < (int32_t) (((((int32_t) 1 << N) << N) - 1) * 2 + 2))];
| test_array [0] = 0;
| return test_array [0];
| 
|   ;
|   return 0;
| }
configure:6590: result: yes
configure:6601: checking for pid_t
configure:6601: gcc -std=gnu99 -c -g -O2  conftest.c >&5
configure:6601: $? = 0
configure:6601: gcc -std=gnu99 -c -g -O2  conftest.c >&5
conftest.c: In function 'main':
conftest.c:85:20: error: expected expression before ')' token
 if (sizeof ((pid_t)))
                    ^
configure:6601: $? = 1
configure: failed program was:
| /* confdefs.h */
| #define PACKAGE_NAME "procps-ng"
| #define PACKAGE_TARNAME "procps-ng"
| #define PACKAGE_VERSION "3.3.12"
| #define PACKAGE_STRING "procps-ng 3.3.12"
| #define PACKAGE_BUGREPORT "procps@freelists.org"
| #define PACKAGE_URL "https://gitlab.com/procps-ng/procps"
| #define PACKAGE "procps-ng"
| #define VERSION "3.3.12"
| #define STDC_HEADERS 1
| #define HAVE_SYS_TYPES_H 1
| #define HAVE_SYS_STAT_H 1
| #define HAVE_STDLIB_H 1
| #define HAVE_STRING_H 1
| #define HAVE_MEMORY_H 1
| #define HAVE_STRINGS_H 1
| #define HAVE_INTTYPES_H 1
| #define HAVE_STDINT_H 1
| #define HAVE_UNISTD_H 1
| #define __EXTENSIONS__ 1
| #define _ALL_SOURCE 1
| #define _GNU_SOURCE 1
| #define _POSIX_PTHREAD_SEMANTICS 1
| #define _TANDEM_SOURCE 1
| #define HAVE_ARPA_INET_H 1
| #define HAVE_FCNTL_H 1
| #define HAVE_FLOAT_H 1
| #define HAVE_LANGINFO_H 1
| #define HAVE_LIBINTL_H 1
| #define HAVE_LIMITS_H 1
| #define HAVE_LOCALE_H 1
| #define HAVE_NETINET_IN_H 1
| #define HAVE_STDINT_H 1
| #define HAVE_STDIO_EXT_H 1
| #define HAVE_STDLIB_H 1
| #define HAVE_STRING_H 1
| #define HAVE_SYS_FILE_H 1
| #define HAVE_SYS_IOCTL_H 1
| #define HAVE_SYS_PARAM_H 1
| #define HAVE_SYS_TIME_H 1
| #define HAVE_TERMIOS_H 1
| #define HAVE_UNISTD_H 1
| #define HAVE_UTMP_H 1
| #define HAVE_VALUES_H 1
| #define HAVE_WCHAR_H 1
| #define HAVE_WCTYPE_H 1
| #define HAVE__BOOL 1
| /* end confdefs.h.  */
| #include <stdio.h>
| #ifdef HAVE_SYS_TYPES_H
| # include <sys/types.h>
| #endif
| #ifdef HAVE_SYS_STAT_H
| # include <sys/stat.h>
| #endif
| #ifdef STDC_HEADERS
| # include <stdlib.h>
| # include <stddef.h>
| #else
| # ifdef HAVE_STDLIB_H
| #  include <stdlib.h>
| # endif
| #endif
| #ifdef HAVE_STRING_H
| # if !defined STDC_HEADERS && defined HAVE_MEMORY_H
| #  include <memory.h>
| # endif
| # include <string.h>
| #endif
| #ifdef HAVE_STRINGS_H
| # include <strings.h>
| #endif
| #ifdef HAVE_INTTYPES_H
| # include <inttypes.h>
| #endif
| #ifdef HAVE_STDINT_H
| # include <stdint.h>
| #endif
| #ifdef HAVE_UNISTD_H
| # include <unistd.h>
| #endif
| int
| main ()
| {
| if (sizeof ((pid_t)))
| 	    return 0;
|   ;
|   return 0;
| }
configure:6601: result: yes
configure:6612: checking for C/C++ restrict keyword
configure:6637: gcc -std=gnu99 -c -g -O2  conftest.c >&5
configure:6637: $? = 0
configure:6645: result: __restrict
configure:6658: checking for size_t
configure:6658: gcc -std=gnu99 -c -g -O2  conftest.c >&5
configure:6658: $? = 0
configure:6658: gcc -std=gnu99 -c -g -O2  conftest.c >&5
conftest.c: In function 'main':
conftest.c:86:21: error: expected expression before ')' token
 if (sizeof ((size_t)))
                     ^
configure:6658: $? = 1
configure: failed program was:
| /* confdefs.h */
| #define PACKAGE_NAME "procps-ng"
| #define PACKAGE_TARNAME "procps-ng"
| #define PACKAGE_VERSION "3.3.12"
| #define PACKAGE_STRING "procps-ng 3.3.12"
| #define PACKAGE_BUGREPORT "procps@freelists.org"
| #define PACKAGE_URL "https://gitlab.com/procps-ng/procps"
| #define PACKAGE "procps-ng"
| #define VERSION "3.3.12"
| #define STDC_HEADERS 1
| #define HAVE_SYS_TYPES_H 1
| #define HAVE_SYS_STAT_H 1
| #define HAVE_STDLIB_H 1
| #define HAVE_STRING_H 1
| #define HAVE_MEMORY_H 1
| #define HAVE_STRINGS_H 1
| #define HAVE_INTTYPES_H 1
| #define HAVE_STDINT_H 1
| #define HAVE_UNISTD_H 1
| #define __EXTENSIONS__ 1
| #define _ALL_SOURCE 1
| #define _GNU_SOURCE 1
| #define _POSIX_PTHREAD_SEMANTICS 1
| #define _TANDEM_SOURCE 1
| #define HAVE_ARPA_INET_H 1
| #define HAVE_FCNTL_H 1
| #define HAVE_FLOAT_H 1
| #define HAVE_LANGINFO_H 1
| #define HAVE_LIBINTL_H 1
| #define HAVE_LIMITS_H 1
| #define HAVE_LOCALE_H 1
| #define HAVE_NETINET_IN_H 1
| #define HAVE_STDINT_H 1
| #define HAVE_STDIO_EXT_H 1
| #define HAVE_STDLIB_H 1
| #define HAVE_STRING_H 1
| #define HAVE_SYS_FILE_H 1
| #define HAVE_SYS_IOCTL_H 1
| #define HAVE_SYS_PARAM_H 1
| #define HAVE_SYS_TIME_H 1
| #define HAVE_TERMIOS_H 1
| #define HAVE_UNISTD_H 1
| #define HAVE_UTMP_H 1
| #define HAVE_VALUES_H 1
| #define HAVE_WCHAR_H 1
| #define HAVE_WCTYPE_H 1
| #define HAVE__BOOL 1
| #define restrict __restrict
| /* end confdefs.h.  */
| #include <stdio.h>
| #ifdef HAVE_SYS_TYPES_H
| # include <sys/types.h>
| #endif
| #ifdef HAVE_SYS_STAT_H
| # include <sys/stat.h>
| #endif
| #ifdef STDC_HEADERS
| # include <stdlib.h>
| # include <stddef.h>
| #else
| # ifdef HAVE_STDLIB_H
| #  include <stdlib.h>
| # endif
| #endif
| #ifdef HAVE_STRING_H
| # if !defined STDC_HEADERS && defined HAVE_MEMORY_H
| #  include <memory.h>
| # endif
| # include <string.h>
| #endif
| #ifdef HAVE_STRINGS_H
| # include <strings.h>
| #endif
| #ifdef HAVE_INTTYPES_H
| # include <inttypes.h>
| #endif
| #ifdef HAVE_STDINT_H
| # include <stdint.h>
| #endif
| #ifdef HAVE_UNISTD_H
| # include <unistd.h>
| #endif
| int
| main ()
| {
| if (sizeof ((size_t)))
| 	    return 0;
|   ;
|   return 0;
| }
configure:6658: result: yes
configure:6669: checking for ssize_t
configure:6669: gcc -std=gnu99 -c -g -O2  conftest.c >&5
configure:6669: $? = 0
configure:6669: gcc -std=gnu99 -c -g -O2  conftest.c >&5
conftest.c: In function 'main':
conftest.c:86:22: error: expected expression before ')' token
 if (sizeof ((ssize_t)))
                      ^
configure:6669: $? = 1
configure: failed program was:
| /* confdefs.h */
| #define PACKAGE_NAME "procps-ng"
| #define PACKAGE_TARNAME "procps-ng"
| #define PACKAGE_VERSION "3.3.12"
| #define PACKAGE_STRING "procps-ng 3.3.12"
| #define PACKAGE_BUGREPORT "procps@freelists.org"
| #define PACKAGE_URL "https://gitlab.com/procps-ng/procps"
| #define PACKAGE "procps-ng"
| #define VERSION "3.3.12"
| #define STDC_HEADERS 1
| #define HAVE_SYS_TYPES_H 1
| #define HAVE_SYS_STAT_H 1
| #define HAVE_STDLIB_H 1
| #define HAVE_STRING_H 1
| #define HAVE_MEMORY_H 1
| #define HAVE_STRINGS_H 1
| #define HAVE_INTTYPES_H 1
| #define HAVE_STDINT_H 1
| #define HAVE_UNISTD_H 1
| #define __EXTENSIONS__ 1
| #define _ALL_SOURCE 1
| #define _GNU_SOURCE 1
| #define _POSIX_PTHREAD_SEMANTICS 1
| #define _TANDEM_SOURCE 1
| #define HAVE_ARPA_INET_H 1
| #define HAVE_FCNTL_H 1
| #define HAVE_FLOAT_H 1
| #define HAVE_LANGINFO_H 1
| #define HAVE_LIBINTL_H 1
| #define HAVE_LIMITS_H 1
| #define HAVE_LOCALE_H 1
| #define HAVE_NETINET_IN_H 1
| #define HAVE_STDINT_H 1
| #define HAVE_STDIO_EXT_H 1
| #define HAVE_STDLIB_H 1
| #define HAVE_STRING_H 1
| #define HAVE_SYS_FILE_H 1
| #define HAVE_SYS_IOCTL_H 1
| #define HAVE_SYS_PARAM_H 1
| #define HAVE_SYS_TIME_H 1
| #define HAVE_TERMIOS_H 1
| #define HAVE_UNISTD_H 1
| #define HAVE_UTMP_H 1
| #define HAVE_VALUES_H 1
| #define HAVE_WCHAR_H 1
| #define HAVE_WCTYPE_H 1
| #define HAVE__BOOL 1
| #define restrict __restrict
| /* end confdefs.h.  */
| #include <stdio.h>
| #ifdef HAVE_SYS_TYPES_H
| # include <sys/types.h>
| #endif
| #ifdef HAVE_SYS_STAT_H
| # include <sys/stat.h>
| #endif
| #ifdef STDC_HEADERS
| # include <stdlib.h>
| # include <stddef.h>
| #else
| # ifdef HAVE_STDLIB_H
| #  include <stdlib.h>
| # endif
| #endif
| #ifdef HAVE_STRING_H
| # if !defined STDC_HEADERS && defined HAVE_MEMORY_H
| #  include <memory.h>
| # endif
| # include <string.h>
| #endif
| #ifdef HAVE_STRINGS_H
| # include <strings.h>
| #endif
| #ifdef HAVE_INTTYPES_H
| # include <inttypes.h>
| #endif
| #ifdef HAVE_STDINT_H
| # include <stdint.h>
| #endif
| #ifdef HAVE_UNISTD_H
| # include <unistd.h>
| #endif
| int
| main ()
| {
| if (sizeof ((ssize_t)))
| 	    return 0;
|   ;
|   return 0;
| }
configure:6669: result: yes
configure:6680: checking for struct stat.st_rdev
configure:6680: gcc -std=gnu99 -c -g -O2  conftest.c >&5
configure:6680: $? = 0
configure:6680: result: yes
configure:6720: checking build system type
configure:6734: result: x86_64-pc-linux-gnu
configure:6754: checking host system type
configure:6767: result: x86_64-pc-linux-gnu
configure:6808: checking how to print strings
configure:6835: result: printf
configure:6856: checking for a sed that does not truncate output
configure:6920: result: /bin/sed
configure:6938: checking for fgrep
configure:7000: result: /bin/grep -F
configure:7035: checking for ld used by gcc -std=gnu99
configure:7102: result: /usr/bin/ld
configure:7109: checking if the linker (/usr/bin/ld) is GNU ld
configure:7124: result: yes
configure:7136: checking for BSD- or MS-compatible name lister (nm)
configure:7190: result: /usr/bin/nm -B
configure:7320: checking the name lister (/usr/bin/nm -B) interface
configure:7327: gcc -std=gnu99 -c -g -O2  conftest.c >&5
configure:7330: /usr/bin/nm -B "conftest.o"
configure:7333: output
0000000000000000 B some_variable
configure:7340: result: BSD nm
configure:7344: checking the maximum length of command line arguments
configure:7475: result: 1572864
configure:7523: checking how to convert x86_64-pc-linux-gnu file names to x86_64-pc-linux-gnu format
configure:7563: result: func_convert_file_noop
configure:7570: checking how to convert x86_64-pc-linux-gnu file names to toolchain format
configure:7590: result: func_convert_file_noop
configure:7597: checking for /usr/bin/ld option to reload object files
configure:7604: result: -r
configure:7678: checking for objdump
configure:7694: found /usr/bin/objdump
configure:7705: result: objdump
configure:7737: checking how to recognize dependent libraries
configure:7937: result: pass_all
configure:8022: checking for dlltool
configure:8052: result: no
configure:8082: checking how to associate runtime and link libraries
configure:8109: result: printf %s\n
configure:8169: checking for ar
configure:8185: found /usr/bin/ar
configure:8196: result: ar
configure:8233: checking for archiver @FILE support
configure:8250: gcc -std=gnu99 -c -g -O2  conftest.c >&5
configure:8250: $? = 0
configure:8253: ar cru libconftest.a @conftest.lst >&5
ar: `u' modifier ignored since `D' is the default (see `U')
configure:8256: $? = 0
configure:8261: ar cru libconftest.a @conftest.lst >&5
ar: `u' modifier ignored since `D' is the default (see `U')
ar: conftest.o: No such file or directory
configure:8264: $? = 1
configure:8276: result: @
configure:8334: checking for strip
configure:8350: found /usr/bin/strip
configure:8361: result: strip
configure:8433: checking for ranlib
configure:8449: found /usr/bin/ranlib
configure:8460: result: ranlib
configure:8562: checking command to parse /usr/bin/nm -B output from gcc -std=gnu99 object
configure:8715: gcc -std=gnu99 -c -g -O2  conftest.c >&5
configure:8718: $? = 0
configure:8722: /usr/bin/nm -B conftest.o \| sed -n -e 's/^.*[ ]\([ABCDGIRSTW][ABCDGIRSTW]*\)[ ][ ]*\([_A-Za-z][_A-Za-z0-9]*\)$/\1 \2 \2/p' | sed '/ __gnu_lto/d' \> conftest.nm
configure:8725: $? = 0
configure:8791: gcc -std=gnu99 -o conftest -g -O2   conftest.c conftstm.o >&5
configure:8794: $? = 0
configure:8832: result: ok
configure:8879: checking for sysroot
configure:8909: result: no
configure:8916: checking for a working dd
configure:8954: result: /bin/dd
configure:8958: checking how to truncate binary pipes
configure:8973: result: /bin/dd bs=4096 count=1
configure:9109: gcc -std=gnu99 -c -g -O2  conftest.c >&5
configure:9112: $? = 0
configure:9302: checking for mt
configure:9318: found /bin/mt
configure:9329: result: mt
configure:9352: checking if mt is a manifest tool
configure:9358: mt '-?'
configure:9366: result: no
configure:10040: checking for dlfcn.h
configure:10040: gcc -std=gnu99 -c -g -O2  conftest.c >&5
configure:10040: $? = 0
configure:10040: result: yes
configure:10296: checking for objdir
configure:10311: result: .libs
configure:10575: checking if gcc -std=gnu99 supports -fno-rtti -fno-exceptions
configure:10593: gcc -std=gnu99 -c -g -O2  -fno-rtti -fno-exceptions conftest.c >&5
cc1: warning: command line option '-fno-rtti' is valid for C++/ObjC++ but not for C
configure:10597: $? = 0
configure:10610: result: no
configure:10968: checking for gcc -std=gnu99 option to produce PIC
configure:10975: result: -fPIC -DPIC
configure:10983: checking if gcc -std=gnu99 PIC flag -fPIC -DPIC works
configure:11001: gcc -std=gnu99 -c -g -O2  -fPIC -DPIC -DPIC conftest.c >&5
configure:11005: $? = 0
configure:11018: result: yes
configure:11047: checking if gcc -std=gnu99 static flag -static works
configure:11075: result: yes
configure:11090: checking if gcc -std=gnu99 supports -c -o file.o
configure:11111: gcc -std=gnu99 -c -g -O2  -o out/conftest2.o conftest.c >&5
configure:11115: $? = 0
configure:11137: result: yes
configure:11145: checking if gcc -std=gnu99 supports -c -o file.o
configure:11192: result: yes
configure:11225: checking whether the gcc -std=gnu99 linker (/usr/bin/ld -m elf_x86_64) supports shared libraries
configure:12488: result: yes
configure:12525: checking whether -lc should be explicitly linked in
configure:12533: gcc -std=gnu99 -c -g -O2  conftest.c >&5
configure:12536: $? = 0
configure:12551: gcc -std=gnu99 -shared  -fPIC -DPIC conftest.o  -v -Wl,-soname -Wl,conftest -o conftest 2\>\&1 \| /bin/grep  -lc  \>/dev/null 2\>\&1
configure:12554: $? = 0
configure:12568: result: no
configure:12728: checking dynamic linker characteristics
configure:13309: gcc -std=gnu99 -o conftest -g -O2   -Wl,-rpath -Wl,/foo conftest.c  >&5
configure:13309: $? = 0
configure:13558: result: GNU/Linux ld.so
configure:13680: checking how to hardcode library paths into programs
configure:13705: result: immediate
configure:14253: checking whether stripping libraries is possible
configure:14258: result: yes
configure:14293: checking if libtool supports shared libraries
configure:14295: result: yes
configure:14298: checking whether to build shared libraries
configure:14323: result: yes
configure:14326: checking whether to build static libraries
configure:14330: result: yes
configure:14369: checking for error_at_line
configure:14385: gcc -std=gnu99 -o conftest -g -O2   conftest.c  >&5
configure:14385: $? = 0
configure:14393: result: yes
configure:14406: checking vfork.h usability
configure:14406: gcc -std=gnu99 -c -g -O2  conftest.c >&5
conftest.c:86:19: fatal error: vfork.h: No such file or directory
 #include <vfork.h>
                   ^
compilation terminated.
configure:14406: $? = 1
configure: failed program was:
| /* confdefs.h */
| #define PACKAGE_NAME "procps-ng"
| #define PACKAGE_TARNAME "procps-ng"
| #define PACKAGE_VERSION "3.3.12"
| #define PACKAGE_STRING "procps-ng 3.3.12"
| #define PACKAGE_BUGREPORT "procps@freelists.org"
| #define PACKAGE_URL "https://gitlab.com/procps-ng/procps"
| #define PACKAGE "procps-ng"
| #define VERSION "3.3.12"
| #define STDC_HEADERS 1
| #define HAVE_SYS_TYPES_H 1
| #define HAVE_SYS_STAT_H 1
| #define HAVE_STDLIB_H 1
| #define HAVE_STRING_H 1
| #define HAVE_MEMORY_H 1
| #define HAVE_STRINGS_H 1
| #define HAVE_INTTYPES_H 1
| #define HAVE_STDINT_H 1
| #define HAVE_UNISTD_H 1
| #define __EXTENSIONS__ 1
| #define _ALL_SOURCE 1
| #define _GNU_SOURCE 1
| #define _POSIX_PTHREAD_SEMANTICS 1
| #define _TANDEM_SOURCE 1
| #define HAVE_ARPA_INET_H 1
| #define HAVE_FCNTL_H 1
| #define HAVE_FLOAT_H 1
| #define HAVE_LANGINFO_H 1
| #define HAVE_LIBINTL_H 1
| #define HAVE_LIMITS_H 1
| #define HAVE_LOCALE_H 1
| #define HAVE_NETINET_IN_H 1
| #define HAVE_STDINT_H 1
| #define HAVE_STDIO_EXT_H 1
| #define HAVE_STDLIB_H 1
| #define HAVE_STRING_H 1
| #define HAVE_SYS_FILE_H 1
| #define HAVE_SYS_IOCTL_H 1
| #define HAVE_SYS_PARAM_H 1
| #define HAVE_SYS_TIME_H 1
| #define HAVE_TERMIOS_H 1
| #define HAVE_UNISTD_H 1
| #define HAVE_UTMP_H 1
| #define HAVE_VALUES_H 1
| #define HAVE_WCHAR_H 1
| #define HAVE_WCTYPE_H 1
| #define HAVE__BOOL 1
| #define restrict __restrict
| #define HAVE_STRUCT_STAT_ST_RDEV 1
| #define HAVE_DLFCN_H 1
| #define LT_OBJDIR ".libs/"
| /* end confdefs.h.  */
| #include <stdio.h>
| #ifdef HAVE_SYS_TYPES_H
| # include <sys/types.h>
| #endif
| #ifdef HAVE_SYS_STAT_H
| # include <sys/stat.h>
| #endif
| #ifdef STDC_HEADERS
| # include <stdlib.h>
| # include <stddef.h>
| #else
| # ifdef HAVE_STDLIB_H
| #  include <stdlib.h>
| # endif
| #endif
| #ifdef HAVE_STRING_H
| # if !defined STDC_HEADERS && defined HAVE_MEMORY_H
| #  include <memory.h>
| # endif
| # include <string.h>
| #endif
| #ifdef HAVE_STRINGS_H
| # include <strings.h>
| #endif
| #ifdef HAVE_INTTYPES_H
| # include <inttypes.h>
| #endif
| #ifdef HAVE_STDINT_H
| # include <stdint.h>
| #endif
| #ifdef HAVE_UNISTD_H
| # include <unistd.h>
| #endif
| #include <vfork.h>
configure:14406: result: no
configure:14406: checking vfork.h presence
configure:14406: gcc -E  conftest.c
conftest.c:53:19: fatal error: vfork.h: No such file or directory
 #include <vfork.h>
                   ^
compilation terminated.
configure:14406: $? = 1
configure: failed program was:
| /* confdefs.h */
| #define PACKAGE_NAME "procps-ng"
| #define PACKAGE_TARNAME "procps-ng"
| #define PACKAGE_VERSION "3.3.12"
| #define PACKAGE_STRING "procps-ng 3.3.12"
| #define PACKAGE_BUGREPORT "procps@freelists.org"
| #define PACKAGE_URL "https://gitlab.com/procps-ng/procps"
| #define PACKAGE "procps-ng"
| #define VERSION "3.3.12"
| #define STDC_HEADERS 1
| #define HAVE_SYS_TYPES_H 1
| #define HAVE_SYS_STAT_H 1
| #define HAVE_STDLIB_H 1
| #define HAVE_STRING_H 1
| #define HAVE_MEMORY_H 1
| #define HAVE_STRINGS_H 1
| #define HAVE_INTTYPES_H 1
| #define HAVE_STDINT_H 1
| #define HAVE_UNISTD_H 1
| #define __EXTENSIONS__ 1
| #define _ALL_SOURCE 1
| #define _GNU_SOURCE 1
| #define _POSIX_PTHREAD_SEMANTICS 1
| #define _TANDEM_SOURCE 1
| #define HAVE_ARPA_INET_H 1
| #define HAVE_FCNTL_H 1
| #define HAVE_FLOAT_H 1
| #define HAVE_LANGINFO_H 1
| #define HAVE_LIBINTL_H 1
| #define HAVE_LIMITS_H 1
| #define HAVE_LOCALE_H 1
| #define HAVE_NETINET_IN_H 1
| #define HAVE_STDINT_H 1
| #define HAVE_STDIO_EXT_H 1
| #define HAVE_STDLIB_H 1
| #define HAVE_STRING_H 1
| #define HAVE_SYS_FILE_H 1
| #define HAVE_SYS_IOCTL_H 1
| #define HAVE_SYS_PARAM_H 1
| #define HAVE_SYS_TIME_H 1
| #define HAVE_TERMIOS_H 1
| #define HAVE_UNISTD_H 1
| #define HAVE_UTMP_H 1
| #define HAVE_VALUES_H 1
| #define HAVE_WCHAR_H 1
| #define HAVE_WCTYPE_H 1
| #define HAVE__BOOL 1
| #define restrict __restrict
| #define HAVE_STRUCT_STAT_ST_RDEV 1
| #define HAVE_DLFCN_H 1
| #define LT_OBJDIR ".libs/"
| /* end confdefs.h.  */
| #include <vfork.h>
configure:14406: result: no
configure:14406: checking for vfork.h
configure:14406: result: no
configure:14419: checking for fork
configure:14419: gcc -std=gnu99 -o conftest -g -O2   conftest.c  >&5
conftest.c:76:6: warning: conflicting types for built-in function 'fork'
 char fork ();
      ^~~~
configure:14419: $? = 0
configure:14419: result: yes
configure:14419: checking for vfork
configure:14419: gcc -std=gnu99 -o conftest -g -O2   conftest.c  >&5
configure:14419: $? = 0
configure:14419: result: yes
configure:14429: checking for working fork
configure:14451: gcc -std=gnu99 -o conftest -g -O2   conftest.c  >&5
configure:14451: $? = 0
configure:14451: ./conftest
configure:14451: $? = 0
configure:14461: result: yes
configure:14482: checking for working vfork
configure:14592: result: yes
configure:14619: checking for stdlib.h
configure:14619: result: yes
configure:14629: checking for GNU libc compatible malloc
configure:14653: gcc -std=gnu99 -o conftest -g -O2   conftest.c  >&5
configure:14653: $? = 0
configure:14653: ./conftest
configure:14653: $? = 0
configure:14663: result: yes
configure:14685: checking whether mbrtowc and mbstate_t are properly declared
configure:14705: gcc -std=gnu99 -o conftest -g -O2   conftest.c  >&5
configure:14705: $? = 0
configure:14713: result: yes
configure:14727: checking for stdlib.h
configure:14727: result: yes
configure:14727: checking for unistd.h
configure:14727: result: yes
configure:14727: checking for sys/param.h
configure:14727: result: yes
configure:14747: checking for getpagesize
configure:14747: gcc -std=gnu99 -o conftest -g -O2   conftest.c  >&5
configure:14747: $? = 0
configure:14747: result: yes
configure:14756: checking for working mmap
configure:14903: gcc -std=gnu99 -o conftest -g -O2   conftest.c  >&5
configure:14903: $? = 0
configure:14903: ./conftest
configure:14903: $? = 0
configure:14913: result: yes
configure:14924: checking for stdlib.h
configure:14924: result: yes
configure:14934: checking for GNU libc compatible realloc
configure:14958: gcc -std=gnu99 -o conftest -g -O2   conftest.c  >&5
configure:14958: $? = 0
configure:14958: ./conftest
configure:14958: $? = 0
configure:14968: result: yes
configure:14989: checking for working strtod
configure:15030: gcc -std=gnu99 -o conftest -g -O2   conftest.c  >&5
configure:15030: $? = 0
configure:15030: ./conftest
configure:15030: $? = 0
configure:15040: result: yes
configure:15118: checking whether NLS is requested
configure:15127: result: yes
configure:15165: checking for msgfmt
configure:15196: result: /usr/bin/msgfmt
configure:15205: checking for gmsgfmt
configure:15236: result: /usr/bin/msgfmt
configure:15276: checking for xgettext
configure:15307: result: /usr/bin/xgettext
configure:15347: checking for msgmerge
configure:15377: result: /usr/bin/msgmerge
configure:15452: checking for ld used by GCC
configure:15516: result: /usr/bin/ld -m elf_x86_64
configure:15523: checking if the linker (/usr/bin/ld -m elf_x86_64) is GNU ld
configure:15536: result: yes
configure:15542: checking for shared library run path origin
configure:15555: result: done
configure:15971: checking whether NLS is requested
configure:15980: result: yes
configure:15998: checking for GNU gettext in libc
configure:16017: gcc -std=gnu99 -o conftest -g -O2   conftest.c  >&5
conftest.c: In function 'main':
conftest.c:74:8: warning: cast from pointer to integer of different size [-Wpointer-to-int-cast]
 return (int) gettext ("") + _nl_msg_cat_cntr + *_nl_domain_bindings
        ^
configure:16017: $? = 0
configure:16025: result: yes
configure:16605: checking whether to use NLS
configure:16607: result: yes
configure:16610: checking where the gettext function comes from
configure:16621: result: libc
configure:16687: checking for error.h
configure:16687: gcc -std=gnu99 -c -g -O2  conftest.c >&5
configure:16687: $? = 0
configure:16687: result: yes
configure:16701: checking for stdio_ext.h
configure:16701: result: yes
configure:16713: checking whether program_invocation_name is defined
configure:16726: gcc -std=gnu99 -c -g -O2  conftest.c >&5
configure:16726: $? = 0
configure:16730: result: yes
configure:16738: checking whether program_invocation_short_name is defined
configure:16751: gcc -std=gnu99 -c -g -O2  conftest.c >&5
configure:16751: $? = 0
configure:16755: result: yes
configure:16814: checking for NCURSES
configure:16936: result: no
configure:16939: checking for initscr in -lncurses
configure:16964: gcc -std=gnu99 -o conftest -g -O2   conftest.c -lncurses   >&5
configure:16964: $? = 0
configure:16973: result: yes
configure:16984: checking for curses.h
configure:16984: gcc -std=gnu99 -c -g -O2  conftest.c >&5
configure:16984: $? = 0
configure:16984: result: yes
configure:16984: checking for ncurses.h
configure:16984: gcc -std=gnu99 -c -g -O2  conftest.c >&5
configure:16984: $? = 0
configure:16984: result: yes
configure:16984: checking for term.h
configure:16984: gcc -std=gnu99 -c -g -O2  conftest.c >&5
configure:16984: $? = 0
configure:16984: result: yes
configure:17453: checking for library containing dlopen
configure:17484: gcc -std=gnu99 -o conftest -g -O2   conftest.c  >&5
/tmp/cc3vrbvi.o: In function `main':
/home/zhangwei/myc/procps/procps-3.3.12/conftest.c:88: undefined reference to `dlopen'
collect2: error: ld returned 1 exit status
configure:17484: $? = 1
configure: failed program was:
| /* confdefs.h */
| #define PACKAGE_NAME "procps-ng"
| #define PACKAGE_TARNAME "procps-ng"
| #define PACKAGE_VERSION "3.3.12"
| #define PACKAGE_STRING "procps-ng 3.3.12"
| #define PACKAGE_BUGREPORT "procps@freelists.org"
| #define PACKAGE_URL "https://gitlab.com/procps-ng/procps"
| #define PACKAGE "procps-ng"
| #define VERSION "3.3.12"
| #define STDC_HEADERS 1
| #define HAVE_SYS_TYPES_H 1
| #define HAVE_SYS_STAT_H 1
| #define HAVE_STDLIB_H 1
| #define HAVE_STRING_H 1
| #define HAVE_MEMORY_H 1
| #define HAVE_STRINGS_H 1
| #define HAVE_INTTYPES_H 1
| #define HAVE_STDINT_H 1
| #define HAVE_UNISTD_H 1
| #define __EXTENSIONS__ 1
| #define _ALL_SOURCE 1
| #define _GNU_SOURCE 1
| #define _POSIX_PTHREAD_SEMANTICS 1
| #define _TANDEM_SOURCE 1
| #define HAVE_ARPA_INET_H 1
| #define HAVE_FCNTL_H 1
| #define HAVE_FLOAT_H 1
| #define HAVE_LANGINFO_H 1
| #define HAVE_LIBINTL_H 1
| #define HAVE_LIMITS_H 1
| #define HAVE_LOCALE_H 1
| #define HAVE_NETINET_IN_H 1
| #define HAVE_STDINT_H 1
| #define HAVE_STDIO_EXT_H 1
| #define HAVE_STDLIB_H 1
| #define HAVE_STRING_H 1
| #define HAVE_SYS_FILE_H 1
| #define HAVE_SYS_IOCTL_H 1
| #define HAVE_SYS_PARAM_H 1
| #define HAVE_SYS_TIME_H 1
| #define HAVE_TERMIOS_H 1
| #define HAVE_UNISTD_H 1
| #define HAVE_UTMP_H 1
| #define HAVE_VALUES_H 1
| #define HAVE_WCHAR_H 1
| #define HAVE_WCTYPE_H 1
| #define HAVE__BOOL 1
| #define restrict __restrict
| #define HAVE_STRUCT_STAT_ST_RDEV 1
| #define HAVE_DLFCN_H 1
| #define LT_OBJDIR ".libs/"
| #define HAVE_FORK 1
| #define HAVE_VFORK 1
| #define HAVE_WORKING_VFORK 1
| #define HAVE_WORKING_FORK 1
| #define HAVE_STDLIB_H 1
| #define HAVE_MALLOC 1
| #define HAVE_MBRTOWC 1
| #define HAVE_STDLIB_H 1
| #define HAVE_UNISTD_H 1
| #define HAVE_SYS_PARAM_H 1
| #define HAVE_GETPAGESIZE 1
| #define HAVE_MMAP 1
| #define HAVE_STDLIB_H 1
| #define HAVE_REALLOC 1
| #define ENABLE_NLS 1
| #define HAVE_GETTEXT 1
| #define HAVE_DCGETTEXT 1
| #define HAVE_ERROR_H 1
| #define HAVE_STDIO_EXT_H 1
| #define HAVE_PROGRAM_INVOCATION_NAME 1
| #define HAVE_PROGRAM_INVOCATION_SHORT_NAME 1
| #define HAVE_CURSES_H 1
| #define HAVE_NCURSES_H 1
| #define HAVE_TERM_H 1
| /* end confdefs.h.  */
| 
| /* Override any GCC internal prototype to avoid an error.
|    Use char because int might match the return type of a GCC
|    builtin and then its argument prototype would still apply.  */
| #ifdef __cplusplus
| extern "C"
| #endif
| char dlopen ();
| int
| main ()
| {
| return dlopen ();
|   ;
|   return 0;
| }
configure:17484: gcc -std=gnu99 -o conftest -g -O2   conftest.c -ldl   >&5
configure:17484: $? = 0
configure:17501: result: -ldl
configure:17554: checking for __fpending
configure:17554: gcc -std=gnu99 -o conftest -g -O2   conftest.c -ldl  >&5
configure:17554: $? = 0
configure:17554: result: yes
configure:17554: checking for alarm
configure:17554: gcc -std=gnu99 -o conftest -g -O2   conftest.c -ldl  >&5
configure:17554: $? = 0
configure:17554: result: yes
configure:17554: checking for atexit
configure:17554: gcc -std=gnu99 -o conftest -g -O2   conftest.c -ldl  >&5
configure:17554: $? = 0
configure:17554: result: yes
configure:17554: checking for dup2
configure:17554: gcc -std=gnu99 -o conftest -g -O2   conftest.c -ldl  >&5
configure:17554: $? = 0
configure:17554: result: yes
configure:17554: checking for gethostname
configure:17554: gcc -std=gnu99 -o conftest -g -O2   conftest.c -ldl  >&5
configure:17554: $? = 0
configure:17554: result: yes
configure:17554: checking for getpagesize
configure:17554: result: yes
configure:17554: checking for gettimeofday
configure:17554: gcc -std=gnu99 -o conftest -g -O2   conftest.c -ldl  >&5
configure:17554: $? = 0
configure:17554: result: yes
configure:17554: checking for iswprint
configure:17554: gcc -std=gnu99 -o conftest -g -O2   conftest.c -ldl  >&5
conftest.c:108:6: warning: conflicting types for built-in function 'iswprint'
 char iswprint ();
      ^~~~~~~~
configure:17554: $? = 0
configure:17554: result: yes
configure:17554: checking for memchr
configure:17554: gcc -std=gnu99 -o conftest -g -O2   conftest.c -ldl  >&5
conftest.c:109:6: warning: conflicting types for built-in function 'memchr'
 char memchr ();
      ^~~~~~
configure:17554: $? = 0
configure:17554: result: yes
configure:17554: checking for memmove
configure:17554: gcc -std=gnu99 -o conftest -g -O2   conftest.c -ldl  >&5
conftest.c:110:6: warning: conflicting types for built-in function 'memmove'
 char memmove ();
      ^~~~~~~
configure:17554: $? = 0
configure:17554: result: yes
configure:17554: checking for memset
configure:17554: gcc -std=gnu99 -o conftest -g -O2   conftest.c -ldl  >&5
conftest.c:111:6: warning: conflicting types for built-in function 'memset'
 char memset ();
      ^~~~~~
configure:17554: $? = 0
configure:17554: result: yes
configure:17554: checking for nl_langinfo
configure:17554: gcc -std=gnu99 -o conftest -g -O2   conftest.c -ldl  >&5
configure:17554: $? = 0
configure:17554: result: yes
configure:17554: checking for putenv
configure:17554: gcc -std=gnu99 -o conftest -g -O2   conftest.c -ldl  >&5
configure:17554: $? = 0
configure:17554: result: yes
configure:17554: checking for regcomp
configure:17554: gcc -std=gnu99 -o conftest -g -O2   conftest.c -ldl  >&5
configure:17554: $? = 0
configure:17554: result: yes
configure:17554: checking for rpmatch
configure:17554: gcc -std=gnu99 -o conftest -g -O2   conftest.c -ldl  >&5
configure:17554: $? = 0
configure:17554: result: yes
configure:17554: checking for select
configure:17554: gcc -std=gnu99 -o conftest -g -O2   conftest.c -ldl  >&5
configure:17554: $? = 0
configure:17554: result: yes
configure:17554: checking for setlocale
configure:17554: gcc -std=gnu99 -o conftest -g -O2   conftest.c -ldl  >&5
configure:17554: $? = 0
configure:17554: result: yes
configure:17554: checking for strcasecmp
configure:17554: gcc -std=gnu99 -o conftest -g -O2   conftest.c -ldl  >&5
conftest.c:118:6: warning: conflicting types for built-in function 'strcasecmp'
 char strcasecmp ();
      ^~~~~~~~~~
configure:17554: $? = 0
configure:17554: result: yes
configure:17554: checking for strchr
configure:17554: gcc -std=gnu99 -o conftest -g -O2   conftest.c -ldl  >&5
conftest.c:119:6: warning: conflicting types for built-in function 'strchr'
 char strchr ();
      ^~~~~~
configure:17554: $? = 0
configure:17554: result: yes
configure:17554: checking for strcspn
configure:17554: gcc -std=gnu99 -o conftest -g -O2   conftest.c -ldl  >&5
conftest.c:120:6: warning: conflicting types for built-in function 'strcspn'
 char strcspn ();
      ^~~~~~~
configure:17554: $? = 0
configure:17554: result: yes
configure:17554: checking for strdup
configure:17554: gcc -std=gnu99 -o conftest -g -O2   conftest.c -ldl  >&5
conftest.c:121:6: warning: conflicting types for built-in function 'strdup'
 char strdup ();
      ^~~~~~
configure:17554: $? = 0
configure:17554: result: yes
configure:17554: checking for strerror
configure:17554: gcc -std=gnu99 -o conftest -g -O2   conftest.c -ldl  >&5
configure:17554: $? = 0
configure:17554: result: yes
configure:17554: checking for strncasecmp
configure:17554: gcc -std=gnu99 -o conftest -g -O2   conftest.c -ldl  >&5
conftest.c:123:6: warning: conflicting types for built-in function 'strncasecmp'
 char strncasecmp ();
      ^~~~~~~~~~~
configure:17554: $? = 0
configure:17554: result: yes
configure:17554: checking for strndup
configure:17554: gcc -std=gnu99 -o conftest -g -O2   conftest.c -ldl  >&5
conftest.c:124:6: warning: conflicting types for built-in function 'strndup'
 char strndup ();
      ^~~~~~~
configure:17554: $? = 0
configure:17554: result: yes
configure:17554: checking for strpbrk
configure:17554: gcc -std=gnu99 -o conftest -g -O2   conftest.c -ldl  >&5
conftest.c:125:6: warning: conflicting types for built-in function 'strpbrk'
 char strpbrk ();
      ^~~~~~~
configure:17554: $? = 0
configure:17554: result: yes
configure:17554: checking for strrchr
configure:17554: gcc -std=gnu99 -o conftest -g -O2   conftest.c -ldl  >&5
conftest.c:126:6: warning: conflicting types for built-in function 'strrchr'
 char strrchr ();
      ^~~~~~~
configure:17554: $? = 0
configure:17554: result: yes
configure:17554: checking for strspn
configure:17554: gcc -std=gnu99 -o conftest -g -O2   conftest.c -ldl  >&5
conftest.c:127:6: warning: conflicting types for built-in function 'strspn'
 char strspn ();
      ^~~~~~
configure:17554: $? = 0
configure:17554: result: yes
configure:17554: checking for strstr
configure:17554: gcc -std=gnu99 -o conftest -g -O2   conftest.c -ldl  >&5
conftest.c:128:6: warning: conflicting types for built-in function 'strstr'
 char strstr ();
      ^~~~~~
configure:17554: $? = 0
configure:17554: result: yes
configure:17554: checking for strtol
configure:17554: gcc -std=gnu99 -o conftest -g -O2   conftest.c -ldl  >&5
configure:17554: $? = 0
configure:17554: result: yes
configure:17554: checking for strtoul
configure:17554: gcc -std=gnu99 -o conftest -g -O2   conftest.c -ldl  >&5
configure:17554: $? = 0
configure:17554: result: yes
configure:17554: checking for strtoull
configure:17554: gcc -std=gnu99 -o conftest -g -O2   conftest.c -ldl  >&5
configure:17554: $? = 0
configure:17554: result: yes
configure:17554: checking for strverscmp
configure:17554: gcc -std=gnu99 -o conftest -g -O2   conftest.c -ldl  >&5
configure:17554: $? = 0
configure:17554: result: yes
configure:17554: checking for utmpname
configure:17554: gcc -std=gnu99 -o conftest -g -O2   conftest.c -ldl  >&5
configure:17554: $? = 0
configure:17554: result: yes
configure:17554: checking for wcwidth
configure:17554: gcc -std=gnu99 -o conftest -g -O2   conftest.c -ldl  >&5
configure:17554: $? = 0
configure:17554: result: yes
configure:17675: checking that generated files are newer than configure
configure:17681: result: done
configure:17744: creating ./config.status

## ---------------------- ##
## Running config.status. ##
## ---------------------- ##

This file was extended by procps-ng config.status 3.3.12, which was
generated by GNU Autoconf 2.69.  Invocation command line was

  CONFIG_FILES    = 
  CONFIG_HEADERS  = 
  CONFIG_LINKS    = 
  CONFIG_COMMANDS = 
  $ ./config.status 

on debian9

config.status:1229: creating Makefile
config.status:1229: creating include/Makefile
config.status:1229: creating man-po/Makefile
config.status:1229: creating po/Makefile.in
config.status:1229: creating proc/libprocps.pc
config.status:1229: creating testsuite/Makefile
config.status:1229: creating config.h
config.status:1410: config.h is unchanged
config.status:1458: executing depfiles commands
config.status:1458: executing libtool commands
config.status:1458: executing default-1 commands

## ---------------- ##
## Cache variables. ##
## ---------------- ##

ac_cv_build=x86_64-pc-linux-gnu
ac_cv_c_compiler_gnu=yes
ac_cv_c_inline=inline
ac_cv_c_int32_t=yes
ac_cv_c_restrict=__restrict
ac_cv_env_CC_set=
ac_cv_env_CC_value=
ac_cv_env_CFLAGS_set=
ac_cv_env_CFLAGS_value=
ac_cv_env_CPPFLAGS_set=
ac_cv_env_CPPFLAGS_value=
ac_cv_env_CPP_set=
ac_cv_env_CPP_value=
ac_cv_env_LDFLAGS_set=
ac_cv_env_LDFLAGS_value=
ac_cv_env_LIBS_set=
ac_cv_env_LIBS_value=
ac_cv_env_LT_SYS_LIBRARY_PATH_set=
ac_cv_env_LT_SYS_LIBRARY_PATH_value=
ac_cv_env_NCURSESW_CFLAGS_set=
ac_cv_env_NCURSESW_CFLAGS_value=
ac_cv_env_NCURSESW_LIBS_set=
ac_cv_env_NCURSESW_LIBS_value=
ac_cv_env_NCURSES_CFLAGS_set=
ac_cv_env_NCURSES_CFLAGS_value=
ac_cv_env_NCURSES_LIBS_set=
ac_cv_env_NCURSES_LIBS_value=
ac_cv_env_PKG_CONFIG_LIBDIR_set=
ac_cv_env_PKG_CONFIG_LIBDIR_value=
ac_cv_env_PKG_CONFIG_PATH_set=
ac_cv_env_PKG_CONFIG_PATH_value=
ac_cv_env_PKG_CONFIG_set=
ac_cv_env_PKG_CONFIG_value=
ac_cv_env_SYSTEMD_CFLAGS_set=
ac_cv_env_SYSTEMD_CFLAGS_value=
ac_cv_env_SYSTEMD_LIBS_set=
ac_cv_env_SYSTEMD_LIBS_value=
ac_cv_env_build_alias_set=
ac_cv_env_build_alias_value=
ac_cv_env_host_alias_set=
ac_cv_env_host_alias_value=
ac_cv_env_target_alias_set=
ac_cv_env_target_alias_value=
ac_cv_func___fpending=yes
ac_cv_func_alarm=yes
ac_cv_func_atexit=yes
ac_cv_func_dup2=yes
ac_cv_func_fork=yes
ac_cv_func_fork_works=yes
ac_cv_func_gethostname=yes
ac_cv_func_getpagesize=yes
ac_cv_func_gettimeofday=yes
ac_cv_func_iswprint=yes
ac_cv_func_malloc_0_nonnull=yes
ac_cv_func_mbrtowc=yes
ac_cv_func_memchr=yes
ac_cv_func_memmove=yes
ac_cv_func_memset=yes
ac_cv_func_mmap_fixed_mapped=yes
ac_cv_func_nl_langinfo=yes
ac_cv_func_putenv=yes
ac_cv_func_realloc_0_nonnull=yes
ac_cv_func_regcomp=yes
ac_cv_func_rpmatch=yes
ac_cv_func_select=yes
ac_cv_func_setlocale=yes
ac_cv_func_strcasecmp=yes
ac_cv_func_strchr=yes
ac_cv_func_strcspn=yes
ac_cv_func_strdup=yes
ac_cv_func_strerror=yes
ac_cv_func_strncasecmp=yes
ac_cv_func_strndup=yes
ac_cv_func_strpbrk=yes
ac_cv_func_strrchr=yes
ac_cv_func_strspn=yes
ac_cv_func_strstr=yes
ac_cv_func_strtod=yes
ac_cv_func_strtol=yes
ac_cv_func_strtoul=yes
ac_cv_func_strtoull=yes
ac_cv_func_strverscmp=yes
ac_cv_func_utmpname=yes
ac_cv_func_vfork=yes
ac_cv_func_vfork_works=yes
ac_cv_func_wcwidth=yes
ac_cv_header_arpa_inet_h=yes
ac_cv_header_curses_h=yes
ac_cv_header_dlfcn_h=yes
ac_cv_header_error_h=yes
ac_cv_header_fcntl_h=yes
ac_cv_header_float_h=yes
ac_cv_header_inttypes_h=yes
ac_cv_header_langinfo_h=yes
ac_cv_header_libintl_h=yes
ac_cv_header_limits_h=yes
ac_cv_header_locale_h=yes
ac_cv_header_memory_h=yes
ac_cv_header_minix_config_h=no
ac_cv_header_ncurses_h=yes
ac_cv_header_netinet_in_h=yes
ac_cv_header_stdbool_h=yes
ac_cv_header_stdc=yes
ac_cv_header_stdint_h=yes
ac_cv_header_stdio_ext_h=yes
ac_cv_header_stdlib_h=yes
ac_cv_header_string_h=yes
ac_cv_header_strings_h=yes
ac_cv_header_sys_file_h=yes
ac_cv_header_sys_ioctl_h=yes
ac_cv_header_sys_param_h=yes
ac_cv_header_sys_stat_h=yes
ac_cv_header_sys_time_h=yes
ac_cv_header_sys_types_h=yes
ac_cv_header_sys_types_h_makedev=yes
ac_cv_header_term_h=yes
ac_cv_header_termios_h=yes
ac_cv_header_unistd_h=yes
ac_cv_header_utmp_h=yes
ac_cv_header_values_h=yes
ac_cv_header_vfork_h=no
ac_cv_header_wchar_h=yes
ac_cv_header_wctype_h=yes
ac_cv_host=x86_64-pc-linux-gnu
ac_cv_lib_error_at_line=yes
ac_cv_lib_ncurses_initscr=yes
ac_cv_member_struct_stat_st_rdev=yes
ac_cv_objext=o
ac_cv_path_EGREP='/bin/grep -E'
ac_cv_path_FGREP='/bin/grep -F'
ac_cv_path_GMSGFMT=/usr/bin/msgfmt
ac_cv_path_GREP=/bin/grep
ac_cv_path_MSGFMT=/usr/bin/msgfmt
ac_cv_path_MSGMERGE=/usr/bin/msgmerge
ac_cv_path_SED=/bin/sed
ac_cv_path_XGETTEXT=/usr/bin/xgettext
ac_cv_path_install='/usr/bin/install -c'
ac_cv_path_lt_DD=/bin/dd
ac_cv_path_mkdir=/bin/mkdir
ac_cv_prog_AWK=gawk
ac_cv_prog_CPP='gcc -E'
ac_cv_prog_ac_ct_AR=ar
ac_cv_prog_ac_ct_CC=gcc
ac_cv_prog_ac_ct_MANIFEST_TOOL=mt
ac_cv_prog_ac_ct_OBJDUMP=objdump
ac_cv_prog_ac_ct_RANLIB=ranlib
ac_cv_prog_ac_ct_STRIP=strip
ac_cv_prog_cc_c89=
ac_cv_prog_cc_c99=
ac_cv_prog_cc_g=yes
ac_cv_prog_cc_stdc=
ac_cv_prog_make_make_set=yes
ac_cv_safe_to_define___extensions__=yes
ac_cv_search_dlopen=-ldl
ac_cv_sys_file_offset_bits=no
ac_cv_sys_largefile_CC=no
ac_cv_type__Bool=yes
ac_cv_type_pid_t=yes
ac_cv_type_size_t=yes
ac_cv_type_ssize_t=yes
ac_cv_type_uid_t=yes
acl_cv_hardcode_direct=no
acl_cv_hardcode_libdir_flag_spec='${wl}-rpath ${wl}$libdir'
acl_cv_hardcode_libdir_separator=
acl_cv_hardcode_minus_L=no
acl_cv_libext=a
acl_cv_path_LD='/usr/bin/ld -m elf_x86_64'
acl_cv_prog_gnu_ld=yes
acl_cv_rpath=done
acl_cv_shlibext=so
acl_cv_wl=-Wl,
am_cv_CC_dependencies_compiler_type=gcc3
am_cv_make_support_nested_variables=yes
am_cv_prog_cc_c_o=yes
am_cv_prog_tar_pax=gnutar
gt_cv_func_gnugettext1_libc=yes
lt_cv_ar_at_file=@
lt_cv_archive_cmds_need_lc=no
lt_cv_deplibs_check_method=pass_all
lt_cv_file_magic_cmd='$MAGIC_CMD'
lt_cv_file_magic_test_file=
lt_cv_ld_reload_flag=-r
lt_cv_nm_interface='BSD nm'
lt_cv_objdir=.libs
lt_cv_path_LD=/usr/bin/ld
lt_cv_path_NM='/usr/bin/nm -B'
lt_cv_path_mainfest_tool=no
lt_cv_prog_compiler_c_o=yes
lt_cv_prog_compiler_pic='-fPIC -DPIC'
lt_cv_prog_compiler_pic_works=yes
lt_cv_prog_compiler_rtti_exceptions=no
lt_cv_prog_compiler_static_works=yes
lt_cv_prog_gnu_ld=yes
lt_cv_sharedlib_from_linklib_cmd='printf %s\n'
lt_cv_shlibpath_overrides_runpath=yes
lt_cv_sys_global_symbol_pipe='sed -n -e '\''s/^.*[	 ]\([ABCDGIRSTW][ABCDGIRSTW]*\)[	 ][	 ]*\([_A-Za-z][_A-Za-z0-9]*\)$/\1 \2 \2/p'\'' | sed '\''/ __gnu_lto/d'\'''
lt_cv_sys_global_symbol_to_c_name_address='sed -n -e '\''s/^: \(.*\) .*$/  {"\1", (void *) 0},/p'\'' -e '\''s/^[ABCDGIRSTW][ABCDGIRSTW]* .* \(.*\)$/  {"\1", (void *) \&\1},/p'\'''
lt_cv_sys_global_symbol_to_c_name_address_lib_prefix='sed -n -e '\''s/^: \(.*\) .*$/  {"\1", (void *) 0},/p'\'' -e '\''s/^[ABCDGIRSTW][ABCDGIRSTW]* .* \(lib.*\)$/  {"\1", (void *) \&\1},/p'\'' -e '\''s/^[ABCDGIRSTW][ABCDGIRSTW]* .* \(.*\)$/  {"lib\1", (void *) \&\1},/p'\'''
lt_cv_sys_global_symbol_to_cdecl='sed -n -e '\''s/^T .* \(.*\)$/extern int \1();/p'\'' -e '\''s/^[ABCDGIRSTW][ABCDGIRSTW]* .* \(.*\)$/extern char \1;/p'\'''
lt_cv_sys_global_symbol_to_import=
lt_cv_sys_max_cmd_len=1572864
lt_cv_to_host_file_cmd=func_convert_file_noop
lt_cv_to_tool_file_cmd=func_convert_file_noop
lt_cv_truncate_bin='/bin/dd bs=4096 count=1'

## ----------------- ##
## Output variables. ##
## ----------------- ##

ACLOCAL='${SHELL} /home/zhangwei/myc/procps/procps-3.3.12/missing aclocal-1.15'
AMDEPBACKSLASH='\'
AMDEP_FALSE='#'
AMDEP_TRUE=''
AMTAR='$${TAR-tar}'
AM_BACKSLASH='\'
AM_DEFAULT_V='$(AM_DEFAULT_VERBOSITY)'
AM_DEFAULT_VERBOSITY='0'
AM_V='$(V)'
AR='ar'
AUTOCONF='${SHELL} /home/zhangwei/myc/procps/procps-3.3.12/missing autoconf'
AUTOHEADER='${SHELL} /home/zhangwei/myc/procps/procps-3.3.12/missing autoheader'
AUTOMAKE='${SHELL} /home/zhangwei/myc/procps/procps-3.3.12/missing automake-1.15'
AWK='gawk'
BUILD_KILL_FALSE='#'
BUILD_KILL_TRUE=''
BUILD_PIDOF_FALSE='#'
BUILD_PIDOF_TRUE=''
BUILD_SKILL_FALSE=''
BUILD_SKILL_TRUE='#'
CC='gcc -std=gnu99'
CCDEPMODE='depmode=gcc3'
CFLAGS='-g -O2'
CPP='gcc -E'
CPPFLAGS=''
CYGPATH_W='echo'
CYGWIN_FALSE=''
CYGWIN_TRUE='#'
DEFS='-DHAVE_CONFIG_H'
DEJAGNU='/dev/null'
DEPDIR='.deps'
DLLTOOL='false'
DL_LIB='-ldl'
DSYMUTIL=''
DUMPBIN=''
ECHO_C=''
ECHO_N='-n'
ECHO_T=''
EGREP='/bin/grep -E'
EXAMPLE_FILES_FALSE=''
EXAMPLE_FILES_TRUE='#'
EXEEXT=''
FGREP='/bin/grep -F'
GMSGFMT='/usr/bin/msgfmt'
GREP='/bin/grep'
INSTALL_DATA='${INSTALL} -m 644'
INSTALL_PROGRAM='${INSTALL}'
INSTALL_SCRIPT='${INSTALL}'
INSTALL_STRIP_PROGRAM='$(install_sh) -c -s'
INTLLIBS=''
LD='/usr/bin/ld -m elf_x86_64'
LDFLAGS=''
LIBICONV='-liconv'
LIBINTL=''
LIBOBJS=''
LIBS='-ldl '
LIBTOOL='$(SHELL) $(top_builddir)/libtool'
LINUX_FALSE='#'
LINUX_TRUE=''
LIPO=''
LN_S='ln -s'
LTLIBICONV='-liconv'
LTLIBINTL=''
LTLIBOBJS=''
LT_SYS_LIBRARY_PATH=''
MAKEINFO='${SHELL} /home/zhangwei/myc/procps/procps-3.3.12/missing makeinfo'
MANIFEST_TOOL=':'
MKDIR_P='/bin/mkdir -p'
MKINSTALLDIRS='$(top_builddir)/./mkinstalldirs'
MSGFMT='/usr/bin/msgfmt'
MSGMERGE='/usr/bin/msgmerge'
NCURSESW_CFLAGS=''
NCURSESW_LIBS=''
NCURSES_CFLAGS=''
NCURSES_LIBS='-lncurses'
NM='/usr/bin/nm -B'
NMEDIT=''
OBJDUMP='objdump'
OBJEXT='o'
OTOOL64=''
OTOOL=''
PACKAGE='procps-ng'
PACKAGE_BUGREPORT='procps@freelists.org'
PACKAGE_NAME='procps-ng'
PACKAGE_STRING='procps-ng 3.3.12'
PACKAGE_TARNAME='procps-ng'
PACKAGE_URL='https://gitlab.com/procps-ng/procps'
PACKAGE_VERSION='3.3.12'
PATH_SEPARATOR=':'
PKG_CONFIG=''
PKG_CONFIG_LIBDIR=''
PKG_CONFIG_PATH=''
POSUB='po'
POW_LIB=''
RANLIB='ranlib'
SED='/bin/sed'
SET_MAKE=''
SHELL='/bin/bash'
STRIP='strip'
SYSTEMD_CFLAGS=''
SYSTEMD_LIBS=''
USE_NLS='yes'
VERSION='3.3.12'
WATCH_NCURSES_LIBS='-lncurses'
WITH_NCURSES_FALSE='#'
WITH_NCURSES_TRUE=''
WITH_SYSTEMD_FALSE=''
WITH_SYSTEMD_TRUE='#'
WITH_WATCH8BIT=''
XGETTEXT='/usr/bin/xgettext'
ac_ct_AR='ar'
ac_ct_CC='gcc'
ac_ct_DUMPBIN=''
am__EXEEXT_FALSE=''
am__EXEEXT_TRUE='#'
am__fastdepCC_FALSE='#'
am__fastdepCC_TRUE=''
am__include='include'
am__isrc=''
am__leading_dot='.'
am__nodep='_no'
am__quote=''
am__tar='tar --format=posix -chf - "$$tardir"'
am__untar='tar -xf -'
bindir='${exec_prefix}/bin'
build='x86_64-pc-linux-gnu'
build_alias=''
build_cpu='x86_64'
build_os='linux-gnu'
build_vendor='pc'
datadir='${datarootdir}'
datarootdir='${prefix}/share'
docdir='${datarootdir}/doc/${PACKAGE_TARNAME}'
dvidir='${docdir}'
exec_prefix='${prefix}'
host='x86_64-pc-linux-gnu'
host_alias=''
host_cpu='x86_64'
host_os='linux-gnu'
host_vendor='pc'
htmldir='${docdir}'
includedir='${prefix}/include'
infodir='${datarootdir}/info'
install_sh='${SHELL} /home/zhangwei/myc/procps/procps-3.3.12/install-sh'
libdir='${exec_prefix}/lib'
libexecdir='${exec_prefix}/libexec'
localedir='${datarootdir}/locale'
localstatedir='${prefix}/var'
mandir='${datarootdir}/man'
mkdir_p='$(MKDIR_P)'
oldincludedir='/usr/include'
pdfdir='${docdir}'
prefix='/usr/local'
program_transform_name='s,x,x,'
psdir='${docdir}'
runstatedir='${localstatedir}/run'
sbindir='${exec_prefix}/sbin'
sharedstatedir='${prefix}/com'
sysconfdir='${prefix}/etc'
target_alias=''

## ----------- ##
## confdefs.h. ##
## ----------- ##

/* confdefs.h */
#define PACKAGE_NAME "procps-ng"
#define PACKAGE_TARNAME "procps-ng"
#define PACKAGE_VERSION "3.3.12"
#define PACKAGE_STRING "procps-ng 3.3.12"
#define PACKAGE_BUGREPORT "procps@freelists.org"
#define PACKAGE_URL "https://gitlab.com/procps-ng/procps"
#define PACKAGE "procps-ng"
#define VERSION "3.3.12"
#define STDC_HEADERS 1
#define HAVE_SYS_TYPES_H 1
#define HAVE_SYS_STAT_H 1
#define HAVE_STDLIB_H 1
#define HAVE_STRING_H 1
#define HAVE_MEMORY_H 1
#define HAVE_STRINGS_H 1
#define HAVE_INTTYPES_H 1
#define HAVE_STDINT_H 1
#define HAVE_UNISTD_H 1
#define __EXTENSIONS__ 1
#define _ALL_SOURCE 1
#define _GNU_SOURCE 1
#define _POSIX_PTHREAD_SEMANTICS 1
#define _TANDEM_SOURCE 1
#define HAVE_ARPA_INET_H 1
#define HAVE_FCNTL_H 1
#define HAVE_FLOAT_H 1
#define HAVE_LANGINFO_H 1
#define HAVE_LIBINTL_H 1
#define HAVE_LIMITS_H 1
#define HAVE_LOCALE_H 1
#define HAVE_NETINET_IN_H 1
#define HAVE_STDINT_H 1
#define HAVE_STDIO_EXT_H 1
#define HAVE_STDLIB_H 1
#define HAVE_STRING_H 1
#define HAVE_SYS_FILE_H 1
#define HAVE_SYS_IOCTL_H 1
#define HAVE_SYS_PARAM_H 1
#define HAVE_SYS_TIME_H 1
#define HAVE_TERMIOS_H 1
#define HAVE_UNISTD_H 1
#define HAVE_UTMP_H 1
#define HAVE_VALUES_H 1
#define HAVE_WCHAR_H 1
#define HAVE_WCTYPE_H 1
#define HAVE__BOOL 1
#define restrict __restrict
#define HAVE_STRUCT_STAT_ST_RDEV 1
#define HAVE_DLFCN_H 1
#define LT_OBJDIR ".libs/"
#define HAVE_FORK 1
#define HAVE_VFORK 1
#define HAVE_WORKING_VFORK 1
#define HAVE_WORKING_FORK 1
#define HAVE_STDLIB_H 1
#define HAVE_MALLOC 1
#define HAVE_MBRTOWC 1
#define HAVE_STDLIB_H 1
#define HAVE_UNISTD_H 1
#define HAVE_SYS_PARAM_H 1
#define HAVE_GETPAGESIZE 1
#define HAVE_MMAP 1
#define HAVE_STDLIB_H 1
#define HAVE_REALLOC 1
#define ENABLE_NLS 1
#define HAVE_GETTEXT 1
#define HAVE_DCGETTEXT 1
#define HAVE_ERROR_H 1
#define HAVE_STDIO_EXT_H 1
#define HAVE_PROGRAM_INVOCATION_NAME 1
#define HAVE_PROGRAM_INVOCATION_SHORT_NAME 1
#define HAVE_CURSES_H 1
#define HAVE_NCURSES_H 1
#define HAVE_TERM_H 1
#define BUILD_WITH_WHINE 1
#define HAVE___FPENDING 1
#define HAVE_ALARM 1
#define HAVE_ATEXIT 1
#define HAVE_DUP2 1
#define HAVE_GETHOSTNAME 1
#define HAVE_GETPAGESIZE 1
#define HAVE_GETTIMEOFDAY 1
#define HAVE_ISWPRINT 1
#define HAVE_MEMCHR 1
#define HAVE_MEMMOVE 1
#define HAVE_MEMSET 1
#define HAVE_NL_LANGINFO 1
#define HAVE_PUTENV 1
#define HAVE_REGCOMP 1
#define HAVE_RPMATCH 1
#define HAVE_SELECT 1
#define HAVE_SETLOCALE 1
#define HAVE_STRCASECMP 1
#define HAVE_STRCHR 1
#define HAVE_STRCSPN 1
#define HAVE_STRDUP 1
#define HAVE_STRERROR 1
#define HAVE_STRNCASECMP 1
#define HAVE_STRNDUP 1
#define HAVE_STRPBRK 1
#define HAVE_STRRCHR 1
#define HAVE_STRSPN 1
#define HAVE_STRSTR 1
#define HAVE_STRTOL 1
#define HAVE_STRTOUL 1
#define HAVE_STRTOULL 1
#define HAVE_STRVERSCMP 1
#define HAVE_UTMPNAME 1
#define HAVE_WCWIDTH 1

configure: exit 0
